<?xml version="1.0" encoding="UTF-8"?>
<testng-results skipped="0" failed="1" total="2" passed="1">
  <reporter-output>
  </reporter-output>
  <suite name="Default suite" duration-ms="75503" started-at="2018-04-01T13:22:15Z" finished-at="2018-04-01T13:23:31Z">
    <groups>
    </groups>
    <test name="Default test" duration-ms="75503" started-at="2018-04-01T13:22:15Z" finished-at="2018-04-01T13:23:31Z">
      <class name="Test.ExtendReportsExample">
        <test-method status="PASS" signature="setup()[pri:0, instance:Test.ExtendReportsExample@396a51ab]" name="setup" is-config="true" duration-ms="9478" started-at="2018-04-01T18:52:15Z" finished-at="2018-04-01T18:52:25Z">
          <reporter-output>
          </reporter-output>
        </test-method> <!-- setup -->
        <test-method status="PASS" signature="a_login()[pri:0, instance:Test.ExtendReportsExample@396a51ab]" name="a_login" duration-ms="4955" started-at="2018-04-01T18:52:25Z" finished-at="2018-04-01T18:52:30Z">
          <reporter-output>
          </reporter-output>
        </test-method> <!-- a_login -->
        <test-method status="PASS" signature="screenshot(org.testng.ITestResult)[pri:0, instance:Test.ExtendReportsExample@396a51ab]" name="screenshot" is-config="true" duration-ms="332" started-at="2018-04-01T18:52:30Z" finished-at="2018-04-01T18:52:30Z">
          <params>
            <param index="0">
              <value>
                <![CDATA[[TestResult name=a_login status=SUCCESS method=ExtendReportsExample.a_login()[pri:0, instance:Test.ExtendReportsExample@396a51ab] output={null}]]]>
              </value>
            </param>
          </params>
          <reporter-output>
          </reporter-output>
        </test-method> <!-- screenshot -->
        <test-method status="FAIL" signature="b_flightbooking()[pri:0, instance:Test.ExtendReportsExample@396a51ab]" name="b_flightbooking" duration-ms="60197" started-at="2018-04-01T18:52:30Z" finished-at="2018-04-01T18:53:30Z">
          <exception class="org.openqa.selenium.NoSuchElementException">
            <message>
              <![CDATA[Cannot locate option with value: 6
For documentation on this error, please visit: http://seleniumhq.org/exceptions/no_such_element.html
Build info: version: '2.53.1', revision: 'a36b8b1', time: '2016-06-30 17:37:03'
System info: host: 'LAPTOP-5DHIFFD9', ip: '192.168.0.110', os.name: 'Windows 10', os.arch: 'amd64', os.version: '10.0', java.version: '1.8.0_161'
Driver info: driver.version: unknown]]>
            </message>
            <full-stacktrace>
              <![CDATA[org.openqa.selenium.NoSuchElementException: Cannot locate option with value: 6
For documentation on this error, please visit: http://seleniumhq.org/exceptions/no_such_element.html
Build info: version: '2.53.1', revision: 'a36b8b1', time: '2016-06-30 17:37:03'
System info: host: 'LAPTOP-5DHIFFD9', ip: '192.168.0.110', os.name: 'Windows 10', os.arch: 'amd64', os.version: '10.0', java.version: '1.8.0_161'
Driver info: driver.version: unknown
	at org.openqa.selenium.support.ui.Select.selectByValue(Select.java:208)
	at Test.ExtendReportsExample.b_flightbooking(ExtendReportsExample.java:80)
	at sun.reflect.NativeMethodAccessorImpl.invoke0(Native Method)
	at sun.reflect.NativeMethodAccessorImpl.invoke(Unknown Source)
	at sun.reflect.DelegatingMethodAccessorImpl.invoke(Unknown Source)
	at java.lang.reflect.Method.invoke(Unknown Source)
	at org.testng.internal.MethodInvocationHelper.invokeMethod(MethodInvocationHelper.java:85)
	at org.testng.internal.Invoker.invokeMethod(Invoker.java:639)
	at org.testng.internal.Invoker.invokeTestMethod(Invoker.java:816)
	at org.testng.internal.Invoker.invokeTestMethods(Invoker.java:1124)
	at org.testng.internal.TestMethodWorker.invokeTestMethods(TestMethodWorker.java:125)
	at org.testng.internal.TestMethodWorker.run(TestMethodWorker.java:108)
	at org.testng.TestRunner.privateRun(TestRunner.java:774)
	at org.testng.TestRunner.run(TestRunner.java:624)
	at org.testng.SuiteRunner.runTest(SuiteRunner.java:359)
	at org.testng.SuiteRunner.runSequentially(SuiteRunner.java:354)
	at org.testng.SuiteRunner.privateRun(SuiteRunner.java:312)
	at org.testng.SuiteRunner.run(SuiteRunner.java:261)
	at org.testng.SuiteRunnerWorker.runSuite(SuiteRunnerWorker.java:52)
	at org.testng.SuiteRunnerWorker.run(SuiteRunnerWorker.java:86)
	at org.testng.TestNG.runSuitesSequentially(TestNG.java:1215)
	at org.testng.TestNG.runSuitesLocally(TestNG.java:1140)
	at org.testng.TestNG.run(TestNG.java:1048)
	at org.testng.remote.AbstractRemoteTestNG.run(AbstractRemoteTestNG.java:114)
	at org.testng.remote.RemoteTestNG.initAndRun(RemoteTestNG.java:251)
	at org.testng.remote.RemoteTestNG.main(RemoteTestNG.java:77)
]]>
            </full-stacktrace>
          </exception> <!-- org.openqa.selenium.NoSuchElementException -->
          <reporter-output>
          </reporter-output>
        </test-method> <!-- b_flightbooking -->
        <test-method status="PASS" signature="screenshot(org.testng.ITestResult)[pri:0, instance:Test.ExtendReportsExample@396a51ab]" name="screenshot" is-config="true" duration-ms="513" started-at="2018-04-01T18:53:30Z" finished-at="2018-04-01T18:53:31Z">
          <params>
            <param index="0">
              <value>
                <![CDATA[[TestResult name=b_flightbooking status=FAILURE method=ExtendReportsExample.b_flightbooking()[pri:0, instance:Test.ExtendReportsExample@396a51ab] output={null}]]]>
              </value>
            </param>
          </params>
          <reporter-output>
          </reporter-output>
        </test-method> <!-- screenshot -->
      </class> <!-- Test.ExtendReportsExample -->
    </test> <!-- Default test -->
  </suite> <!-- Default suite -->
</testng-results>
